Connecting to database specified by database.yml
Connecting to database specified by database.yml
  [1m[36m (0.2ms)[0m  [1mselect sqlite_version(*)[0m
  [1m[35m (2.7ms)[0m  CREATE TABLE "schema_migrations" ("version" varchar(255) NOT NULL) 
  [1m[36m (2.9ms)[0m  [1mCREATE UNIQUE INDEX "unique_schema_migrations" ON "schema_migrations" ("version")[0m
  [1m[35m (1.9ms)[0m  SELECT "schema_migrations"."version" FROM "schema_migrations" 
Migrating to CreatePhotos (20130624190942)
  [1m[36m (0.1ms)[0m  [1mbegin transaction[0m
  [1m[35m (0.8ms)[0m  CREATE TABLE "photos" ("id" INTEGER PRIMARY KEY AUTOINCREMENT NOT NULL, "title" varchar(255), "photo_file_name" varchar(255), "photo_content_type" varchar(255), "photo_file_size" integer, "created_at" datetime NOT NULL, "updated_at" datetime NOT NULL) 
  [1m[36m (0.2ms)[0m  [1mINSERT INTO "schema_migrations" ("version") VALUES ('20130624190942')[0m
  [1m[35m (4.4ms)[0m  commit transaction
  [1m[36m (0.1ms)[0m  [1mSELECT "schema_migrations"."version" FROM "schema_migrations" [0m


Started GET "/assets/rails.png" for 127.0.0.1 at 2013-06-24 15:14:20 -0400
Connecting to database specified by database.yml
Served asset /rails.png - 200 OK (7ms)


Started GET "/photos/new" for 127.0.0.1 at 2013-06-24 15:14:26 -0400

ActionController::RoutingError (undefined method `has_attached_file' for #<Class:0x007fd8c47771b8>):
  app/models/photo.rb:4:in `<class:Photo>'
  app/models/photo.rb:1:in `<top (required)>'
  app/controllers/photos_controller.rb:1:in `<top (required)>'


  Rendered /Users/crystalchang/.rvm/gems/ruby-1.9.3-p374/gems/actionpack-3.2.12/lib/action_dispatch/middleware/templates/rescues/routing_error.erb within rescues/layout (4.7ms)


Started GET "/photos/new" for 127.0.0.1 at 2013-06-24 15:16:07 -0400
Connecting to database specified by database.yml
Processing by PhotosController#new as HTML
  Rendered photos/new.html.erb within layouts/application (100.4ms)
Compiled photos.css  (27ms)  (pid 35364)
Compiled application.css  (44ms)  (pid 35364)
Compiled jquery.js  (3ms)  (pid 35364)
Compiled jquery_ujs.js  (0ms)  (pid 35364)
Compiled photos.js  (228ms)  (pid 35364)
Compiled application.js  (406ms)  (pid 35364)
Completed 200 OK in 676ms (Views: 639.0ms | ActiveRecord: 2.9ms)


Started GET "/assets/photos.css?body=1" for 127.0.0.1 at 2013-06-24 15:16:08 -0400
Served asset /photos.css - 200 OK (2ms)


Started GET "/assets/jquery.js?body=1" for 127.0.0.1 at 2013-06-24 15:16:08 -0400
Served asset /jquery.js - 200 OK (3ms)


Started GET "/assets/photos.js?body=1" for 127.0.0.1 at 2013-06-24 15:16:08 -0400
Served asset /photos.js - 200 OK (1ms)


Started GET "/assets/jquery_ujs.js?body=1" for 127.0.0.1 at 2013-06-24 15:16:08 -0400
Served asset /jquery_ujs.js - 200 OK (2ms)


Started GET "/assets/application.js?body=1" for 127.0.0.1 at 2013-06-24 15:16:08 -0400
Served asset /application.js - 200 OK (12ms)


Started GET "/assets/application.css?body=1" for 127.0.0.1 at 2013-06-24 15:16:08 -0400
Served asset /application.css - 200 OK (2ms)


Started POST "/photos" for 127.0.0.1 at 2013-06-24 15:16:30 -0400
Processing by PhotosController#create as HTML
  Parameters: {"utf8"=>"✓", "authenticity_token"=>"GvYMA0zS4r2LwgKbk+NwTsUTQxhyT7++kGP4zRtGRWc=", "photo"=>{"title"=>"Roberto Cavalli", "photo"=>#<ActionDispatch::Http::UploadedFile:0x007fded27797d8 @original_filename="IMG_20120406_215332.jpg", @content_type="image/jpeg", @headers="Content-Disposition: form-data; name=\"photo[photo]\"; filename=\"IMG_20120406_215332.jpg\"\r\nContent-Type: image/jpeg\r\n", @tempfile=#<File:/var/folders/nw/4htx4sbj05l27vffc36z3hb40000gn/T/RackMultipart20130624-35364-16l1oi>>}, "commit"=>"Add Me!"}
Command :: identify -format '%wx%h,%[exif:orientation]' '/var/folders/nw/4htx4sbj05l27vffc36z3hb40000gn/T/IMG_20120406_21533220130624-35364-ox28s8.jpg[0]'
Command :: identify -format %m '/var/folders/nw/4htx4sbj05l27vffc36z3hb40000gn/T/IMG_20120406_21533220130624-35364-ox28s8.jpg[0]'
Command :: identify -format %m '/var/folders/nw/4htx4sbj05l27vffc36z3hb40000gn/T/IMG_20120406_21533220130624-35364-ox28s8.jpg[0]'
Command :: identify -format %m '/var/folders/nw/4htx4sbj05l27vffc36z3hb40000gn/T/IMG_20120406_21533220130624-35364-ox28s8.jpg[0]'
Command :: convert '/var/folders/nw/4htx4sbj05l27vffc36z3hb40000gn/T/IMG_20120406_21533220130624-35364-ox28s8.jpg[0]' -auto-orient -resize "300x" -crop "300x300+0+0" +repage '/var/folders/nw/4htx4sbj05l27vffc36z3hb40000gn/T/IMG_20120406_21533220130624-35364-ox28s820130624-35364-16zvwx6'
Command :: file -b --mime '/var/folders/nw/4htx4sbj05l27vffc36z3hb40000gn/T/IMG_20120406_21533220130624-35364-ox28s820130624-35364-16zvwx6'
  [1m[36m (0.2ms)[0m  [1mbegin transaction[0m
Binary data inserted for `string` type on column `photo_content_type`
  [1m[35mSQL (61.9ms)[0m  INSERT INTO "photos" ("created_at", "photo_content_type", "photo_file_name", "photo_file_size", "title", "updated_at") VALUES (?, ?, ?, ?, ?, ?)  [["created_at", Mon, 24 Jun 2013 19:16:31 UTC +00:00], ["photo_content_type", "image/jpeg"], ["photo_file_name", "IMG_20120406_215332.jpg"], ["photo_file_size", 351999], ["title", "Roberto Cavalli"], ["updated_at", Mon, 24 Jun 2013 19:16:31 UTC +00:00]]
[paperclip] Saving attachments.
  [1m[36m (2.1ms)[0m  [1mcommit transaction[0m
Completed 500 Internal Server Error in 1190ms

NameError (undefined local variable or method `root' for #<PhotosController:0x007fded276e220>):
  app/controllers/photos_controller.rb:25:in `block (2 levels) in create'
  app/controllers/photos_controller.rb:23:in `create'


  Rendered /Users/crystalchang/.rvm/gems/ruby-1.9.3-p374/gems/actionpack-3.2.12/lib/action_dispatch/middleware/templates/rescues/_trace.erb (2.0ms)
  Rendered /Users/crystalchang/.rvm/gems/ruby-1.9.3-p374/gems/actionpack-3.2.12/lib/action_dispatch/middleware/templates/rescues/_request_and_response.erb (1.8ms)
  Rendered /Users/crystalchang/.rvm/gems/ruby-1.9.3-p374/gems/actionpack-3.2.12/lib/action_dispatch/middleware/templates/rescues/diagnostics.erb within rescues/layout (56.6ms)


Started GET "/assets/rails.png" for 127.0.0.1 at 2013-06-24 15:17:38 -0400
Served asset /rails.png - 304 Not Modified (1ms)


Started GET "/assets/rails.png" for 127.0.0.1 at 2013-06-24 15:17:48 -0400
Served asset /rails.png - 304 Not Modified (0ms)


Started GET "/photos" for 127.0.0.1 at 2013-06-24 15:18:03 -0400

ActionController::RoutingError (No route matches [GET] "/photos"):
  actionpack (3.2.12) lib/action_dispatch/middleware/debug_exceptions.rb:21:in `call'
  actionpack (3.2.12) lib/action_dispatch/middleware/show_exceptions.rb:56:in `call'
  railties (3.2.12) lib/rails/rack/logger.rb:32:in `call_app'
  railties (3.2.12) lib/rails/rack/logger.rb:16:in `block in call'
  activesupport (3.2.12) lib/active_support/tagged_logging.rb:22:in `tagged'
  railties (3.2.12) lib/rails/rack/logger.rb:16:in `call'
  actionpack (3.2.12) lib/action_dispatch/middleware/request_id.rb:22:in `call'
  rack (1.4.5) lib/rack/methodoverride.rb:21:in `call'
  rack (1.4.5) lib/rack/runtime.rb:17:in `call'
  activesupport (3.2.12) lib/active_support/cache/strategy/local_cache.rb:72:in `call'
  rack (1.4.5) lib/rack/lock.rb:15:in `call'
  actionpack (3.2.12) lib/action_dispatch/middleware/static.rb:62:in `call'
  railties (3.2.12) lib/rails/engine.rb:479:in `call'
  railties (3.2.12) lib/rails/application.rb:223:in `call'
  rack (1.4.5) lib/rack/content_length.rb:14:in `call'
  railties (3.2.12) lib/rails/rack/log_tailer.rb:17:in `call'
  rack (1.4.5) lib/rack/handler/webrick.rb:59:in `service'
  /Users/crystalchang/.rvm/rubies/ruby-1.9.3-p374/lib/ruby/1.9.1/webrick/httpserver.rb:138:in `service'
  /Users/crystalchang/.rvm/rubies/ruby-1.9.3-p374/lib/ruby/1.9.1/webrick/httpserver.rb:94:in `run'
  /Users/crystalchang/.rvm/rubies/ruby-1.9.3-p374/lib/ruby/1.9.1/webrick/server.rb:191:in `block in start_thread'


  Rendered /Users/crystalchang/.rvm/gems/ruby-1.9.3-p374/gems/actionpack-3.2.12/lib/action_dispatch/middleware/templates/rescues/routing_error.erb within rescues/layout (1.0ms)


Started GET "/assets/rails.png" for 127.0.0.1 at 2013-06-24 15:18:07 -0400
Served asset /rails.png - 304 Not Modified (0ms)


Started GET "/" for 127.0.0.1 at 2013-06-24 15:19:01 -0400
Processing by PhotosController#index as HTML
Completed 500 Internal Server Error in 1ms

NameError (uninitialized constant PhotosController::Photos):
  app/controllers/photos_controller.rb:3:in `index'


  Rendered /Users/crystalchang/.rvm/gems/ruby-1.9.3-p374/gems/actionpack-3.2.12/lib/action_dispatch/middleware/templates/rescues/_trace.erb (1.5ms)
  Rendered /Users/crystalchang/.rvm/gems/ruby-1.9.3-p374/gems/actionpack-3.2.12/lib/action_dispatch/middleware/templates/rescues/_request_and_response.erb (1.0ms)
  Rendered /Users/crystalchang/.rvm/gems/ruby-1.9.3-p374/gems/actionpack-3.2.12/lib/action_dispatch/middleware/templates/rescues/diagnostics.erb within rescues/layout (9.9ms)


Started GET "/" for 127.0.0.1 at 2013-06-24 15:19:20 -0400
Processing by PhotosController#index as HTML
  [1m[35mPhoto Load (0.1ms)[0m  SELECT "photos".* FROM "photos" 
  Rendered photos/index.html.erb within layouts/application (1.6ms)
Completed 200 OK in 19ms (Views: 7.0ms | ActiveRecord: 0.8ms)


Started GET "/assets/application.css?body=1" for 127.0.0.1 at 2013-06-24 15:19:20 -0400
Served asset /application.css - 304 Not Modified (0ms)


Started GET "/assets/photos.css?body=1" for 127.0.0.1 at 2013-06-24 15:19:20 -0400
Served asset /photos.css - 304 Not Modified (0ms)


Started GET "/assets/application.js?body=1" for 127.0.0.1 at 2013-06-24 15:19:20 -0400
Served asset /application.js - 304 Not Modified (0ms)


Started GET "/assets/photos.js?body=1" for 127.0.0.1 at 2013-06-24 15:19:20 -0400
Served asset /photos.js - 304 Not Modified (0ms)


Started GET "/" for 127.0.0.1 at 2013-06-24 15:32:57 -0400
Processing by PhotosController#index as HTML
  [1m[36mPhoto Load (0.2ms)[0m  [1mSELECT "photos".* FROM "photos" [0m
  Rendered photos/index.html.erb within layouts/application (1.6ms)
Compiled photos.css  (13ms)  (pid 35364)
Compiled application.css  (1ms)  (pid 35364)
Completed 200 OK in 46ms (Views: 44.3ms | ActiveRecord: 0.2ms)


Started GET "/assets/photos.css?body=1" for 127.0.0.1 at 2013-06-24 15:32:57 -0400
Served asset /photos.css - 200 OK (2ms)


Started GET "/assets/jquery.js?body=1" for 127.0.0.1 at 2013-06-24 15:32:57 -0400
Served asset /jquery.js - 200 OK (0ms)


Started GET "/assets/jquery_ujs.js?body=1" for 127.0.0.1 at 2013-06-24 15:32:57 -0400
Served asset /jquery_ujs.js - 200 OK (0ms)


Started GET "/assets/photos.js?body=1" for 127.0.0.1 at 2013-06-24 15:32:57 -0400
Served asset /photos.js - 200 OK (0ms)


Started GET "/assets/application.js?body=1" for 127.0.0.1 at 2013-06-24 15:32:57 -0400
Served asset /application.js - 200 OK (0ms)


Started GET "/assets/application.css?body=1" for 127.0.0.1 at 2013-06-24 15:32:57 -0400
Served asset /application.css - 200 OK (3ms)


Started GET "/" for 127.0.0.1 at 2013-06-24 15:33:26 -0400
Processing by PhotosController#index as HTML
  [1m[35mPhoto Load (0.2ms)[0m  SELECT "photos".* FROM "photos" 
  Rendered photos/index.html.erb within layouts/application (1.6ms)
Completed 200 OK in 8ms (Views: 6.5ms | ActiveRecord: 0.2ms)


Started GET "/assets/photos.css?body=1" for 127.0.0.1 at 2013-06-24 15:33:26 -0400
Served asset /photos.css - 304 Not Modified (0ms)


Started GET "/" for 127.0.0.1 at 2013-06-24 15:34:17 -0400
Processing by PhotosController#index as HTML
  [1m[36mPhoto Load (0.2ms)[0m  [1mSELECT "photos".* FROM "photos" [0m
  Rendered photos/index.html.erb within layouts/application (1.5ms)
Completed 200 OK in 8ms (Views: 6.9ms | ActiveRecord: 0.2ms)


Started GET "/assets/photos.css?body=1" for 127.0.0.1 at 2013-06-24 15:34:17 -0400
Served asset /photos.css - 304 Not Modified (0ms)
